<?xml version="1.0" encoding="UTF-8"?>
<!-- Generated by org.testng.reporters.JUnitReportReporter -->
<testsuite hostname="abhijet" failures="0" tests="1" name="testNGpack.VerifyPhone" time="60.395" errors="0" timestamp="2023-04-16T15:51:26 IST" skipped="0">
  <testcase classname="testNGpack.VerifyPhone" name="verifyTheProductOnFlipkart" time="60.395"/>
  <system-out/>
</testsuite> <!-- testNGpack.VerifyPhone -->
