<?xml version="1.0" encoding="UTF-8"?>
<!-- Generated by org.testng.reporters.JUnitReportReporter -->
<testsuite hostname="abhijet" failures="0" tests="1" name="testpackNew.VerifyProductOnFlipkart" time="55.868" errors="0" timestamp="2023-04-16T15:49:33 IST" skipped="0">
  <testcase classname="testpackNew.VerifyProductOnFlipkart" name="addtocartFunctionality" time="55.868"/>
  <system-out/>
</testsuite> <!-- testpackNew.VerifyProductOnFlipkart -->
